\BOOKMARK [1][-]{section.1}{Pr\351sentation de l'internet des objets}{}% 1
\BOOKMARK [2][-]{subsection.1.1}{G\351n\351ralit\351s}{section.1}% 2
\BOOKMARK [2][-]{subsection.1.2}{Caract\351ristiques des \351quipements de l'IoT}{section.1}% 3
\BOOKMARK [3][-]{subsubsection.1.2.1}{Domaines d'application}{subsection.1.2}% 4
\BOOKMARK [3][-]{subsubsection.1.2.2}{L'environnement smarthome}{subsection.1.2}% 5
\BOOKMARK [3][-]{subsubsection.1.2.3}{Exemples d'\351quipements}{subsection.1.2}% 6
\BOOKMARK [3][-]{subsubsection.1.2.4}{Restrictions des \351quipements}{subsection.1.2}% 7
\BOOKMARK [1][-]{section.2}{Pr\351sentations des pare-feus}{}% 8
\BOOKMARK [2][-]{subsection.2.1}{G\351n\351ralit\351s}{section.2}% 9
\BOOKMARK [2][-]{subsection.2.2}{Types de pare-feu}{section.2}% 10
\BOOKMARK [2][-]{subsection.2.3}{Ressources logicielles importantes}{section.2}% 11
\BOOKMARK [1][-]{section.3}{La protection dans l'IoT}{}% 12
\BOOKMARK [2][-]{subsection.3.1}{Vuln\351rabilit\351s li\351es \340 l'IoT}{section.3}% 13
\BOOKMARK [2][-]{subsection.3.2}{Possibilit\351s d'am\351lioration}{section.3}% 14
\BOOKMARK [2][-]{subsection.3.3}{Solutions existantes}{section.3}% 15
\BOOKMARK [1][-]{section.4}{Les pare-feus et l'IoT}{}% 16
\BOOKMARK [2][-]{subsection.4.1}{Diff\351rents types d'architecture}{section.4}% 17
\BOOKMARK [2][-]{subsection.4.2}{Les pare-feus domestiques}{section.4}% 18
\BOOKMARK [3][-]{subsubsection.4.2.1}{Caract\351ristiques d'un r\351seau domestique}{subsection.4.2}% 19
\BOOKMARK [3][-]{subsubsection.4.2.2}{Attaques possibles et cons\351quences}{subsection.4.2}% 20
\BOOKMARK [2][-]{subsection.4.3}{Application et impl\351mentation}{section.4}% 21
\BOOKMARK [1][-]{section.5}{Mise en pratique : \351bauche}{}% 22
